move west: OK
move north: OK
take Ground2: ERROR
move west: OK
take Leaf1: OK
move upm u: ERROR
move up: OK
move north: OK
move up: OK
take Lantern3: OK
turnon Lantern3: OK
move down: OK
take Leaf: ERROR
take Leaf2: OK
take Ground2: OK
move south: OK
move south: OK
take Ground1: OK
move west: OK
take Leaf3: OK
move down: OK
move east: OK
move east: OK
move east: OK
drop Boat_sail: OK
move west: OK
move west: OK
move south: OK
inspect s: OK
move west: OK
drop Ground2: OK
move north: OK
move west: OK
move north: OK
take Ground3: OK
take Sick1: ERROR
take Stick1: OK
move east: OK
drop Ground3: OK
move up: OK
take Walnut3: OK
move up: OK
move south: OK
take Stick4: OK
drop Ground1: OK
move down: OK
move north: OK
move north: OK
move east: OK
move west: OK
move west: OK
take Stick2: OK
take Rock2: ERROR
move down: ERROR
move south: OK
move down: OK
take Grpound4: ERROR
take Ground4: OK
move south: OK
drop Ground4: OK
move east: OK
move east: OK
take Ground5: OK
move east: OK
move east: OK
drop Boat_mast: OK
save partida.dat: OK
exit: OK
