     0000001000        00.00113500          0000499500.00           0000499500          0000499500      
     0000001200        00.00164900          0000719400.00           0000719400          0000719400      
     0000001400        00.00195700          0000979300.00           0000979300          0000979300      
     0000001600        00.00258400          0001279200.00           0001279200          0001279200      
     0000001800        00.00319100          0001619100.00           0001619100          0001619100      
     0000002000        00.00388000          0001999000.00           0001999000          0001999000      
     0000002200        00.00471900          0002418900.00           0002418900          0002418900      
     0000002400        00.00558000          0002878800.00           0002878800          0002878800      
     0000002600        00.00656200          0003378700.00           0003378700          0003378700      
     0000002800        00.00758900          0003918600.00           0003918600          0003918600      
     0000003000        00.00868100          0004498500.00           0004498500          0004498500      
     0000003200        00.00991000          0005118400.00           0005118400          0005118400      
     0000003400        00.01120900          0005778300.00           0005778300          0005778300      
     0000003600        00.01252000          0006478200.00           0006478200          0006478200      
     0000003800        00.01396100          0007218100.00           0007218100          0007218100      
     0000004000        00.01549900          0007998000.00           0007998000          0007998000      
     0000004200        00.01698500          0008817900.00           0008817900          0008817900      
     0000004400        00.01861600          0009677800.00           0009677800          0009677800      
     0000004600        00.02044800          0010577700.00           0010577700          0010577700      
     0000004800        00.02218100          0011517600.00           0011517600          0011517600      
     0000005000        00.02405700          0012497500.00           0012497500          0012497500      
     0000005200        00.02596000          0013517400.00           0013517400          0013517400      
     0000005400        00.02800700          0014577300.00           0014577300          0014577300      
     0000005600        00.03092900          0015677200.00           0015677200          0015677200      
     0000005800        00.03331700          0016817100.00           0016817100          0016817100      
     0000006000        00.03560900          0017997000.00           0017997000          0017997000      
     0000006200        00.03812500          0019216900.00           0019216900          0019216900      
     0000006400        00.04053100          0020476800.00           0020476800          0020476800      
     0000006600        00.04312400          0021776700.00           0021776700          0021776700      
     0000006800        00.04574900          0023116600.00           0023116600          0023116600      
     0000007000        00.04853200          0024496500.00           0024496500          0024496500      
     0000007200        00.05137000          0025916400.00           0025916400          0025916400      
     0000007400        00.05423900          0027376300.00           0027376300          0027376300      
     0000007600        00.05712300          0028876200.00           0028876200          0028876200      
     0000007800        00.06014600          0030416100.00           0030416100          0030416100      
     0000008000        00.06333600          0031996000.00           0031996000          0031996000      
     0000008200        00.06643700          0033615900.00           0033615900          0033615900      
     0000008400        00.06974900          0035275800.00           0035275800          0035275800      
     0000008600        00.07317600          0036975700.00           0036975700          0036975700      
     0000008800        00.07648500          0038715600.00           0038715600          0038715600      
     0000009000        00.07973300          0040495500.00           0040495500          0040495500      
     0000009200        00.08364000          0042315400.00           0042315400          0042315400      
     0000009400        00.08723400          0044175300.00           0044175300          0044175300      
     0000009600        00.09109900          0046075200.00           0046075200          0046075200      
     0000009800        00.09489800          0048015100.00           0048015100          0048015100      
     0000010000        00.09865400          0049995000.00           0049995000          0049995000      
     0000010200        00.10267500          0052014900.00           0052014900          0052014900      
     0000010400        00.10675400          0054074800.00           0054074800          0054074800      
     0000010600        00.11095600          0056174700.00           0056174700          0056174700      
     0000010800        00.11503900          0058314600.00           0058314600          0058314600      
     0000011000        00.11955500          0060494500.00           0060494500          0060494500      
     0000011200        00.12369700          0062714400.00           0062714400          0062714400      
     0000011400        00.12826700          0064974300.00           0064974300          0064974300      
     0000011600        00.13111000          0067274200.00           0067274200          0067274200      
     0000011800        00.13355800          0069614100.00           0069614100          0069614100      
     0000012000        00.13786100          0071994000.00           0071994000          0071994000      
     0000012200        00.14239200          0074413900.00           0074413900          0074413900      
     0000012400        00.14914800          0076873800.00           0076873800          0076873800      
     0000012600        00.15665400          0079373700.00           0079373700          0079373700      
     0000012800        00.16152800          0081913600.00           0081913600          0081913600      
     0000013000        00.16654700          0084493500.00           0084493500          0084493500      
     0000013200        00.17303500          0087113400.00           0087113400          0087113400      
     0000013400        00.17870600          0089773300.00           0089773300          0089773300      
     0000013600        00.18456600          0092473200.00           0092473200          0092473200      
     0000013800        00.18984400          0095213100.00           0095213100          0095213100      
     0000014000        00.18819500          0097993000.00           0097993000          0097993000      
     0000014200        00.20095400          0100812900.00           0100812900          0100812900      
     0000014400        00.20439500          0103672800.00           0103672800          0103672800      
     0000014600        00.21058900          0106572700.00           0106572700          0106572700      
     0000014800        00.21598400          0109512600.00           0109512600          0109512600      
     0000015000        00.22205400          0112492500.00           0112492500          0112492500      
     0000015200        00.22772900          0115512400.00           0115512400          0115512400      
     0000015400        00.23369200          0118572300.00           0118572300          0118572300      
     0000015600        00.24003100          0121672200.00           0121672200          0121672200      
     0000015800        00.24595800          0124812100.00           0124812100          0124812100      
     0000016000        00.24747400          0127992000.00           0127992000          0127992000      
     0000016200        00.25519700          0131211900.00           0131211900          0131211900      
     0000016400        00.26490700          0134471800.00           0134471800          0134471800      
     0000016600        00.27005700          0137771700.00           0137771700          0137771700      
     0000016800        00.27787100          0141111600.00           0141111600          0141111600      
     0000017000        00.28200200          0144491500.00           0144491500          0144491500      
     0000017200        00.28945100          0147911400.00           0147911400          0147911400      
     0000017400        00.30831400          0151371300.00           0151371300          0151371300      
     0000017600        00.32066100          0154871200.00           0154871200          0154871200      
     0000017800        00.32800400          0158411100.00           0158411100          0158411100      
     0000018000        00.33555600          0161991000.00           0161991000          0161991000      
     0000018200        00.34291200          0165610900.00           0165610900          0165610900      
     0000018400        00.35038000          0169270800.00           0169270800          0169270800      
     0000018600        00.35164000          0172970700.00           0172970700          0172970700      
     0000018800        00.36590400          0176710600.00           0176710600          0176710600      
     0000019000        00.37371700          0180490500.00           0180490500          0180490500      
     0000019200        00.38146100          0184310400.00           0184310400          0184310400      
     0000019400        00.38665500          0188170300.00           0188170300          0188170300      
     0000019600        00.38996000          0192070200.00           0192070200          0192070200      
     0000019800        00.38698300          0196010100.00           0196010100          0196010100      
     0000020000        00.38806500          0199990000.00           0199990000          0199990000      
