move east: ERROR
move west: OK
move west: OK
move west: OK
move west: OK
move north: OK
take Stick1: OK
move east: OK
move south: OK
attack: OK
attack: OK
attack: OK
attack: OK
take Stick3: ERROR
move east: OK
move up: OK
move east: OK
move west: OK
move west: OK
move north: OK
move east: OK
move west: OK
move west: OK
move north: OK
take Stcik2: ERROR
inspect s: OK
take Stcik2: ERROR
move south: OK
move west: ERROR
move east: OK
move south: OK
move east: OK
move down: OK
move east: OK
move east: OK
move east: ERROR
move west: OK
move north: ERROR
move up: ERROR
move west: OK
move north: OK
move east: ERROR
move west: OK
move west: OK
take Stick2: ERROR
move west: ERROR
move east: OK
move south: OK
move south: OK
move east: OK
move down: ERROR
move down: ERROR
move down: ERROR
move south: ERROR
move north: OK
move east: OK
move east: OK
move east: ERROR
move west: OK
move west: OK
move west: OK
move south: OK
move north: OK
move north: OK
move east: OK
move west: OK
take Ground1: ERROR
take Ground3: ERROR
move west: OK
move east: OK
drop Ground: ERROR
drop Ground1: ERROR
move south: OK
move east: OK
move west: OK
move east: OK
move west: OK
move east: OK
move west: OK
move east: OK
move west: OK
move east: OK
move west: OK
move east: OK
move west: OK
move east: OK
move west: OK
move east: OK
move west: OK
move east: OK
move west: OK
move east: OK
move west: OK
move east: OK
move west: OK
move east: OK
move west: OK
move east: OK
move west: OK
move east: OK
move west: OK
move east: OK
move east: OK
move west: OK
move east: OK
move east: OK
take Leaf2: ERROR
move east: ERROR
move west: OK
move east: OK
move west: OK
